============================================================
Generating SVG variants using vtracer
============================================================

1. Testing presets...
Running: vtracer --input main.jpeg --output output_svgs/preset_bw.svg --preset bw
âœ“ Generated: output_svgs/preset_bw.svg
Running: vtracer --input main.jpeg --output output_svgs/preset_poster.svg --preset poster
âœ“ Generated: output_svgs/preset_poster.svg
Running: vtracer --input main.jpeg --output output_svgs/preset_photo.svg --preset photo
âœ“ Generated: output_svgs/preset_photo.svg

2. Testing modes (with photo preset)...
Running: vtracer --input main.jpeg --output output_svgs/mode_pixel.svg --preset photo --mode pixel
âœ“ Generated: output_svgs/mode_pixel.svg
Running: vtracer --input main.jpeg --output output_svgs/mode_polygon.svg --preset photo --mode polygon
âœ“ Generated: output_svgs/mode_polygon.svg
Running: vtracer --input main.jpeg --output output_svgs/mode_spline.svg --preset photo --mode spline
âœ“ Generated: output_svgs/mode_spline.svg

3. Testing color modes...
Running: vtracer --input main.jpeg --output output_svgs/colormode_color.svg --colormode color --preset photo
âœ“ Generated: output_svgs/colormode_color.svg
Running: vtracer --input main.jpeg --output output_svgs/colormode_bw.svg --colormode bw
âœ“ Generated: output_svgs/colormode_bw.svg

4. Testing hierarchical settings...
Running: vtracer --input main.jpeg --output output_svgs/hierarchical_stacked.svg --preset photo --hierarchical stacked
âœ“ Generated: output_svgs/hierarchical_stacked.svg
Running: vtracer --input main.jpeg --output output_svgs/hierarchical_cutout.svg --preset photo --hierarchical cutout
âœ“ Generated: output_svgs/hierarchical_cutout.svg

5. Testing filter_speckle (noise reduction)...
Running: vtracer --input main.jpeg --output output_svgs/speckle_0.svg --preset photo --filterspeckle 0
âœ— Error generating output_svgs/speckle_0.svg: error: Found argument '--filterspeckle' which wasn't expected, or isn't valid in this context
	Did you mean [32m--[0m[32mfilter_speckle[0m?

USAGE:
    vtracer --filter_speckle <filter_speckle> --input <input> --output <output> --preset <preset>

For more information try --help

Running: vtracer --input main.jpeg --output output_svgs/speckle_4.svg --preset photo --filterspeckle 4
âœ— Error generating output_svgs/speckle_4.svg: error: Found argument '--filterspeckle' which wasn't expected, or isn't valid in this context
	Did you mean [32m--[0m[32mfilter_speckle[0m?

USAGE:
    vtracer --filter_speckle <filter_speckle> --input <input> --output <output> --preset <preset>

For more information try --help

Running: vtracer --input main.jpeg --output output_svgs/speckle_16.svg --preset photo --filterspeckle 16
âœ— Error generating output_svgs/speckle_16.svg: error: Found argument '--filterspeckle' which wasn't expected, or isn't valid in this context
	Did you mean [32m--[0m[32mfilter_speckle[0m?

USAGE:
    vtracer --filter_speckle <filter_speckle> --input <input> --output <output> --preset <preset>

For more information try --help

Running: vtracer --input main.jpeg --output output_svgs/speckle_64.svg --preset photo --filterspeckle 64
âœ— Error generating output_svgs/speckle_64.svg: error: Found argument '--filterspeckle' which wasn't expected, or isn't valid in this context
	Did you mean [32m--[0m[32mfilter_speckle[0m?

USAGE:
    vtracer --filter_speckle <filter_speckle> --input <input> --output <output> --preset <preset>

For more information try --help


6. Testing corner_threshold...
Running: vtracer --input main.jpeg --output output_svgs/corner_30.svg --preset photo --cornerthreshold 30
âœ— Error generating output_svgs/corner_30.svg: error: Found argument '--cornerthreshold' which wasn't expected, or isn't valid in this context
	Did you mean [32m--[0m[32mcorner_threshold[0m?

USAGE:
    vtracer --corner_threshold <corner_threshold> --input <input> --output <output> --preset <preset>

For more information try --help

Running: vtracer --input main.jpeg --output output_svgs/corner_60.svg --preset photo --cornerthreshold 60
âœ— Error generating output_svgs/corner_60.svg: error: Found argument '--cornerthreshold' which wasn't expected, or isn't valid in this context
	Did you mean [32m--[0m[32mcorner_threshold[0m?

USAGE:
    vtracer --corner_threshold <corner_threshold> --input <input> --output <output> --preset <preset>

For more information try --help

Running: vtracer --input main.jpeg --output output_svgs/corner_90.svg --preset photo --cornerthreshold 90
âœ— Error generating output_svgs/corner_90.svg: error: Found argument '--cornerthreshold' which wasn't expected, or isn't valid in this context
	Did you mean [32m--[0m[32mcorner_threshold[0m?

USAGE:
    vtracer --corner_threshold <corner_threshold> --input <input> --output <output> --preset <preset>

For more information try --help

Running: vtracer --input main.jpeg --output output_svgs/corner_120.svg --preset photo --cornerthreshold 120
âœ— Error generating output_svgs/corner_120.svg: error: Found argument '--cornerthreshold' which wasn't expected, or isn't valid in this context
	Did you mean [32m--[0m[32mcorner_threshold[0m?

USAGE:
    vtracer --corner_threshold <corner_threshold> --input <input> --output <output> --preset <preset>

For more information try --help


7. Testing color_precision...
Running: vtracer --input main.jpeg --output output_svgs/precision_4.svg --preset photo --colorprecision 4
âœ— Error generating output_svgs/precision_4.svg: error: Found argument '--colorprecision' which wasn't expected, or isn't valid in this context
	Did you mean [32m--[0m[32mcolor_precision[0m?

USAGE:
    vtracer --color_precision <color_precision> --input <input> --output <output> --preset <preset>

For more information try --help

Running: vtracer --input main.jpeg --output output_svgs/precision_6.svg --preset photo --colorprecision 6
âœ— Error generating output_svgs/precision_6.svg: error: Found argument '--colorprecision' which wasn't expected, or isn't valid in this context
	Did you mean [32m--[0m[32mcolor_precision[0m?

USAGE:
    vtracer --color_precision <color_precision> --input <input> --output <output> --preset <preset>

For more information try --help

Running: vtracer --input main.jpeg --output output_svgs/precision_8.svg --preset photo --colorprecision 8
âœ— Error generating output_svgs/precision_8.svg: error: Found argument '--colorprecision' which wasn't expected, or isn't valid in this context
	Did you mean [32m--[0m[32mcolor_precision[0m?

USAGE:
    vtracer --color_precision <color_precision> --input <input> --output <output> --preset <preset>

For more information try --help


8. Testing gradient_step...
Running: vtracer --input main.jpeg --output output_svgs/gradient_5.svg --preset photo --gradientstep 5
âœ— Error generating output_svgs/gradient_5.svg: error: Found argument '--gradientstep' which wasn't expected, or isn't valid in this context
	Did you mean [32m--[0m[32mgradient_step[0m?

USAGE:
    vtracer --gradient_step <gradient_step> --input <input> --output <output> --preset <preset>

For more information try --help

Running: vtracer --input main.jpeg --output output_svgs/gradient_10.svg --preset photo --gradientstep 10
âœ— Error generating output_svgs/gradient_10.svg: error: Found argument '--gradientstep' which wasn't expected, or isn't valid in this context
	Did you mean [32m--[0m[32mgradient_step[0m?

USAGE:
    vtracer --gradient_step <gradient_step> --input <input> --output <output> --preset <preset>

For more information try --help

Running: vtracer --input main.jpeg --output output_svgs/gradient_20.svg --preset photo --gradientstep 20
âœ— Error generating output_svgs/gradient_20.svg: error: Found argument '--gradientstep' which wasn't expected, or isn't valid in this context
	Did you mean [32m--[0m[32mgradient_step[0m?

USAGE:
    vtracer --gradient_step <gradient_step> --input <input> --output <output> --preset <preset>

For more information try --help

Running: vtracer --input main.jpeg --output output_svgs/gradient_40.svg --preset photo --gradientstep 40
âœ— Error generating output_svgs/gradient_40.svg: error: Found argument '--gradientstep' which wasn't expected, or isn't valid in this context
	Did you mean [32m--[0m[32mgradient_step[0m?

USAGE:
    vtracer --gradient_step <gradient_step> --input <input> --output <output> --preset <preset>

For more information try --help


9. Testing detail level combinations...
Running: vtracer --input main.jpeg --output output_svgs/detail_high.svg --mode spline --filterspeckle 2 --cornerthreshold 30 --colorprecision 8 --gradientstep 5
âœ— Error generating output_svgs/detail_high.svg: error: Found argument '--filterspeckle' which wasn't expected, or isn't valid in this context
	Did you mean [32m--[0m[32mfilter_speckle[0m?

USAGE:
    vtracer --filter_speckle <filter_speckle> --input <input> --mode <mode> --output <output>

For more information try --help

Running: vtracer --input main.jpeg --output output_svgs/detail_low.svg --mode polygon --filterspeckle 64 --cornerthreshold 120 --colorprecision 4 --gradientstep 40
âœ— Error generating output_svgs/detail_low.svg: error: Found argument '--filterspeckle' which wasn't expected, or isn't valid in this context
	Did you mean [32m--[0m[32mfilter_speckle[0m?

USAGE:
    vtracer --filter_speckle <filter_speckle> --input <input> --mode <mode> --output <output>

For more information try --help


============================================================
All variants saved to: output_svgs/
============================================================
